[14:31:47] [ServerMain/INFO]: Building unoptimized datafixer
[14:31:49] [ServerMain/INFO]: Environment: authHost='https://authserver.mojang.com', accountsHost='https://api.mojang.com', sessionHost='https://sessionserver.mojang.com', servicesHost='https://api.minecraftservices.com', name='PROD'
[14:31:50] [ServerMain/INFO]: Loaded 7 recipes
[14:31:51] [Server thread/INFO]: Starting minecraft server version 1.19.2
[14:31:51] [Server thread/INFO]: Loading properties
[14:31:51] [Server thread/INFO]: This server is running Paper version git-Paper-177 (MC: 1.19.2) (Implementing API version 1.19.2-R0.1-SNAPSHOT) (Git: 1bbd273)
[14:31:51] [Server thread/INFO]: Server Ping Player Sample Count: 12
[14:31:51] [Server thread/INFO]: Using 4 threads for Netty based IO
[14:31:52] [Server thread/INFO]: [io.papermc.paper.chunk.system.scheduling.ChunkTaskScheduler] Chunk system is using 1 I/O threads, 3 worker threads, and gen parallelism of 3 threads
[14:31:52] [Server thread/INFO]: Default game type: SURVIVAL
[14:31:52] [Server thread/INFO]: Generating keypair
[14:31:52] [Server thread/INFO]: Starting Minecraft server on *:25565
[14:31:52] [Server thread/INFO]: Using default channel type
[14:31:52] [Server thread/INFO]: Paper: Using Java 11 compression from Velocity.
[14:31:52] [Server thread/INFO]: Paper: Using Java cipher from Velocity.
[14:31:52] [Server thread/INFO]: [SkinsRestorer] Loading SkinsRestorer v14.2.3
[14:31:52] [Server thread/INFO]: Server permissions file permissions.yml is empty, ignoring it
[14:31:52] [Server thread/WARN]: **** SERVER IS RUNNING IN OFFLINE/INSECURE MODE!
[14:31:52] [Server thread/WARN]: The server will make no attempt to authenticate usernames. Beware.
[14:31:52] [Server thread/WARN]: While this makes the game possible to play without internet access, it also opens up the ability for hackers to connect with any username they choose.
[14:31:52] [Server thread/WARN]: To change this, set "online-mode" to "true" in the server.properties file.
[14:31:52] [Server thread/INFO]: Preparing level "world"
[14:31:53] [Server thread/INFO]: Preparing start region for dimension minecraft:overworld
[14:31:53] [Server thread/INFO]: Time elapsed: 112 ms
[14:31:53] [Server thread/INFO]: Preparing start region for dimension minecraft:the_nether
[14:31:53] [Server thread/INFO]: Time elapsed: 28 ms
[14:31:53] [Server thread/INFO]: Preparing start region for dimension minecraft:the_end
[14:31:53] [Server thread/INFO]: Time elapsed: 21 ms
[14:31:53] [Server thread/INFO]: [SkinsRestorer] Enabling SkinsRestorer v14.2.3
[14:31:54] [Server thread/INFO]: [33;1m[[32;22mSkinsRestorer[33;1m] [0;39m[32;1mDetected Minecraft [33;1mv1_19_R1[32;1m, using [33;1mPaperSkinRefresher[32;1m.[0;39m
[14:31:54] [Server thread/INFO]: [SkinsRestorer] [ACF] Enabled Asynchronous Tab Completion Support!
[14:31:55] [Server thread/INFO]: Running delayed init tasks
[14:31:55] [Server thread/INFO]: Done (3.278s)! For help, type "help"
[14:31:55] [Server thread/INFO]: Timings Reset
[14:31:55] [Craft Scheduler Thread - 3 - SkinsRestorer/INFO]: [33;1m[[32;22mSkinsRestorer[33;1m] [0;39m[32;1m----------------------------------------------[0;39m
[14:31:55] [Craft Scheduler Thread - 3 - SkinsRestorer/INFO]: [33;1m[[32;22mSkinsRestorer[33;1m] [0;39m[32;1m    +==================+[0;39m
[14:31:55] [Craft Scheduler Thread - 3 - SkinsRestorer/INFO]: [33;1m[[32;22mSkinsRestorer[33;1m] [0;39m[32;1m    |   SkinsRestorer  |[0;39m
[14:31:55] [Craft Scheduler Thread - 3 - SkinsRestorer/INFO]: [33;1m[[32;22mSkinsRestorer[33;1m] [0;39m[32;1m    |------------------|[0;39m
[14:31:55] [Craft Scheduler Thread - 3 - SkinsRestorer/INFO]: [33;1m[[32;22mSkinsRestorer[33;1m] [0;39m[32;1m    |  [34;1m[4m[21mStandalone Mode[0;39m[32;1m |[0;39m
[14:31:55] [Craft Scheduler Thread - 3 - SkinsRestorer/INFO]: [33;1m[[32;22mSkinsRestorer[33;1m] [0;39m[32;1m    +==================+[0;39m
[14:31:55] [Craft Scheduler Thread - 3 - SkinsRestorer/INFO]: [33;1m[[32;22mSkinsRestorer[33;1m] [0;39m[32;1m----------------------------------------------[0;39m
[14:31:55] [Craft Scheduler Thread - 3 - SkinsRestorer/INFO]: [33;1m[[32;22mSkinsRestorer[33;1m] [0;39m[36;1m    Current version: [32;1m14.2.3[0;39m
[14:31:55] [Craft Scheduler Thread - 3 - SkinsRestorer/INFO]: [33;1m[[32;22mSkinsRestorer[33;1m] [0;39m[32;1m    This is the latest version![0;39m
[14:31:55] [Craft Scheduler Thread - 3 - SkinsRestorer/INFO]: [33;1m[[32;22mSkinsRestorer[33;1m] [0;39m[32;1m----------------------------------------------[0;39m
[14:32:56] [User Authenticator #0/INFO]: UUID of player lucazof is 11909653-ab68-34b1-adcd-3a8849e119f1
[14:32:56] [Server thread/INFO]: lucazof joined the game
[14:32:56] [Server thread/INFO]: lucazof[/127.0.0.1:49544] logged in with entity id 85 at ([world]69.5, 75.0, 7.5)
[14:33:12] [Server thread/INFO]: Made lucazof a server operator
[14:33:19] [Server thread/INFO]: lucazof issued server command: /tp lucazof 600 100 0
[14:33:19] [Server thread/INFO]: [lucazof: Teleported lucazof to 600.500000, 100.000000, 0.500000]
[14:33:23] [Server thread/INFO]: lucazof issued server command: /gamemode creative
[14:33:23] [Server thread/INFO]: [lucazof: Set own game mode to Creative Mode]
[14:33:36] [Server thread/INFO]: lucazof issued server command: /xp set lucazof 10 levels
[14:33:36] [Server thread/INFO]: [lucazof: Set 10 experience levels on lucazof]
[14:34:33] [Server thread/INFO]: lucazof has made the advancement [Stone Age]
[14:34:35] [Server thread/INFO]: lucazof has made the advancement [Suit Up]
[14:34:35] [Server thread/INFO]: lucazof has made the advancement [Diamonds!]
[14:34:36] [Server thread/INFO]: lucazof has made the advancement [Ice Bucket Challenge]
[14:34:37] [Server thread/INFO]: lucazof has made the advancement [Acquire Hardware]
[14:34:59] [Server thread/INFO]: lucazof has made the advancement [Sweet Dreams]
[14:35:06] [Server thread/INFO]: lucazof lost connection: Disconnected
[14:35:06] [Server thread/INFO]: lucazof left the game
[14:35:11] [Server thread/INFO]: Stopping the server
[14:35:11] [Server thread/INFO]: Stopping server
[14:35:11] [Server thread/INFO]: [SkinsRestorer] Disabling SkinsRestorer v14.2.3
[14:35:11] [Server thread/INFO]: Saving players
[14:35:11] [Server thread/INFO]: Saving worlds
[14:35:11] [Server thread/INFO]: Saving chunks for level 'ServerLevel[world]'/minecraft:overworld
[14:35:11] [Server thread/INFO]: [io.papermc.paper.chunk.system.scheduling.ChunkHolderManager] Waiting 60s for chunk system to halt for world 'world'
[14:35:11] [Server thread/INFO]: [io.papermc.paper.chunk.system.scheduling.ChunkHolderManager] Halted chunk system for world 'world'
[14:35:11] [Server thread/INFO]: [io.papermc.paper.chunk.system.scheduling.ChunkHolderManager] Saving all chunkholders for world 'world'
[14:35:12] [Server thread/INFO]: [io.papermc.paper.chunk.system.scheduling.ChunkHolderManager] Saved 783 chunks in world 'world' in 1s
[14:35:13] [Server thread/INFO]: ThreadedAnvilChunkStorage (world): All chunks are saved
[14:35:13] [Server thread/INFO]: Saving chunks for level 'ServerLevel[world_nether]'/minecraft:the_nether
[14:35:13] [Server thread/INFO]: [io.papermc.paper.chunk.system.scheduling.ChunkHolderManager] Waiting 60s for chunk system to halt for world 'world_nether'
[14:35:13] [Server thread/INFO]: [io.papermc.paper.chunk.system.scheduling.ChunkHolderManager] Halted chunk system for world 'world_nether'
[14:35:13] [Server thread/INFO]: [io.papermc.paper.chunk.system.scheduling.ChunkHolderManager] Saving all chunkholders for world 'world_nether'
[14:35:13] [Server thread/INFO]: [io.papermc.paper.chunk.system.scheduling.ChunkHolderManager] Saved 529 chunks in world 'world_nether' in 0s
[14:35:14] [Server thread/INFO]: ThreadedAnvilChunkStorage (DIM-1): All chunks are saved
[14:35:14] [Server thread/INFO]: Saving chunks for level 'ServerLevel[world_the_end]'/minecraft:the_end
[14:35:14] [Server thread/INFO]: [io.papermc.paper.chunk.system.scheduling.ChunkHolderManager] Waiting 60s for chunk system to halt for world 'world_the_end'
[14:35:14] [Server thread/INFO]: [io.papermc.paper.chunk.system.scheduling.ChunkHolderManager] Halted chunk system for world 'world_the_end'
[14:35:14] [Server thread/INFO]: [io.papermc.paper.chunk.system.scheduling.ChunkHolderManager] Saving all chunkholders for world 'world_the_end'
[14:35:14] [Server thread/INFO]: [io.papermc.paper.chunk.system.scheduling.ChunkHolderManager] Saved 529 chunks in world 'world_the_end' in 0s
[14:35:14] [Server thread/INFO]: ThreadedAnvilChunkStorage (DIM1): All chunks are saved
[14:35:14] [Server thread/INFO]: ThreadedAnvilChunkStorage: All dimensions are saved
[14:35:14] [Server thread/INFO]: Flushing Chunk IO
[14:35:14] [Server thread/INFO]: Closing Thread Pool
[14:35:14] [Server thread/INFO]: Closing Server
